<?xml version='1.0'?>
<ns2:test-suite xmlns:ns2='urn:model.allure.qatools.yandex.ru' start='1559249746809' stop='1559249749460'>
    <name>AWG test</name>
    <title>AWG test</title>
    <test-cases>
        <test-case start='1559249746978' status='failed' stop='1559249749458'>
            <name>Login</name>
            <title>Login</title>
            <labels>
                <label name='language' value='javascript'/>
                <label name='framework' value='wdio'/>
                <label name='thread' value='0-0'/>
            </labels>
            <parameters>
                <parameter kind='argument' name='browser' value='chrome'/>
                <parameter kind='environment-variable' name='capabilities' value='{"browserName":"chrome","maxInstances":"10"}'/>
                <parameter kind='environment-variable' name='spec files' value='["/home/tarf/Рабочий стол/SERGEY/JOB/Tests/AWG/test/specs/test.spec.js"]'/>
            </parameters>
            <steps/>
            <attachments/>
            <failure>
                <message>expected 'Тестирование. Фундаментальная теория | DOU' to equal 'Тестирование. Фундаментальная теория | DOU3461'</message>
                <stack-trace>AssertionError: expected 'Тестирование. Фундаментальная теория | DOU' to equal 'Тестирование. Фундаментальная теория | DOU3461'
                    at Context.&lt;anonymous> (/home/tarf/Рабочий стол/SERGEY/JOB/Tests/AWG/test/specs/test.spec.js:16:14)
                    at new Promise (&lt;anonymous>)
                    at new F (/home/tarf/Рабочий стол/SERGEY/JOB/Tests/AWG/node_modules/core-js/library/modules/_export.js:36:28)</stack-trace>
            </failure>
        </test-case>
    </test-cases>
</ns2:test-suite>